{"/Users/nicholas.piesco/Downloads/absurder-sql/pwa/lib/db/client.ts": {"path":"/Users/nicholas.piesco/Downloads/absurder-sql/pwa/lib/db/client.ts","statementMap":{"0":{"start":{"line":6,"column":2},"end":{"line":6,"column":null}},"1":{"start":{"line":7,"column":2},"end":{"line":7,"column":null}},"2":{"start":{"line":8,"column":2},"end":{"line":8,"column":null}},"3":{"start":{"line":15,"column":4},"end":{"line":17,"column":null}},"4":{"start":{"line":16,"column":6},"end":{"line":16,"column":null}},"5":{"start":{"line":19,"column":4},"end":{"line":25,"column":null}},"6":{"start":{"line":20,"column":6},"end":{"line":20,"column":null}},"7":{"start":{"line":21,"column":6},"end":{"line":21,"column":null}},"8":{"start":{"line":23,"column":6},"end":{"line":23,"column":null}},"9":{"start":{"line":24,"column":6},"end":{"line":24,"column":null}},"10":{"start":{"line":32,"column":4},"end":{"line":32,"column":null}},"11":{"start":{"line":40,"column":4},"end":{"line":40,"column":null}},"12":{"start":{"line":42,"column":4},"end":{"line":44,"column":null}},"13":{"start":{"line":43,"column":6},"end":{"line":43,"column":null}},"14":{"start":{"line":46,"column":4},"end":{"line":53,"column":null}},"15":{"start":{"line":47,"column":6},"end":{"line":47,"column":null}},"16":{"start":{"line":48,"column":6},"end":{"line":48,"column":null}},"17":{"start":{"line":49,"column":6},"end":{"line":49,"column":null}},"18":{"start":{"line":51,"column":6},"end":{"line":51,"column":null}},"19":{"start":{"line":52,"column":6},"end":{"line":52,"column":null}},"20":{"start":{"line":62,"column":4},"end":{"line":64,"column":null}},"21":{"start":{"line":63,"column":6},"end":{"line":63,"column":null}},"22":{"start":{"line":66,"column":4},"end":{"line":75,"column":null}},"23":{"start":{"line":67,"column":6},"end":{"line":71,"column":null}},"24":{"start":{"line":68,"column":8},"end":{"line":68,"column":null}},"25":{"start":{"line":70,"column":8},"end":{"line":70,"column":null}},"26":{"start":{"line":73,"column":6},"end":{"line":73,"column":null}},"27":{"start":{"line":74,"column":6},"end":{"line":74,"column":null}},"28":{"start":{"line":82,"column":4},"end":{"line":84,"column":null}},"29":{"start":{"line":83,"column":6},"end":{"line":83,"column":null}},"30":{"start":{"line":86,"column":4},"end":{"line":92,"column":null}},"31":{"start":{"line":87,"column":21},"end":{"line":87,"column":null}},"32":{"start":{"line":88,"column":6},"end":{"line":88,"column":null}},"33":{"start":{"line":90,"column":6},"end":{"line":90,"column":null}},"34":{"start":{"line":91,"column":6},"end":{"line":91,"column":null}},"35":{"start":{"line":101,"column":4},"end":{"line":103,"column":null}},"36":{"start":{"line":102,"column":6},"end":{"line":102,"column":null}},"37":{"start":{"line":105,"column":4},"end":{"line":116,"column":null}},"38":{"start":{"line":106,"column":21},"end":{"line":106,"column":null}},"39":{"start":{"line":107,"column":6},"end":{"line":107,"column":null}},"40":{"start":{"line":110,"column":6},"end":{"line":110,"column":null}},"41":{"start":{"line":111,"column":6},"end":{"line":111,"column":null}},"42":{"start":{"line":112,"column":6},"end":{"line":112,"column":null}},"43":{"start":{"line":114,"column":6},"end":{"line":114,"column":null}},"44":{"start":{"line":115,"column":6},"end":{"line":115,"column":null}},"45":{"start":{"line":123,"column":4},"end":{"line":132,"column":null}},"46":{"start":{"line":124,"column":6},"end":{"line":131,"column":null}},"47":{"start":{"line":125,"column":8},"end":{"line":125,"column":null}},"48":{"start":{"line":126,"column":8},"end":{"line":126,"column":null}},"49":{"start":{"line":127,"column":8},"end":{"line":127,"column":null}},"50":{"start":{"line":129,"column":8},"end":{"line":129,"column":null}},"51":{"start":{"line":130,"column":8},"end":{"line":130,"column":null}},"52":{"start":{"line":139,"column":4},"end":{"line":139,"column":null}},"53":{"start":{"line":146,"column":4},"end":{"line":146,"column":null}},"54":{"start":{"line":154,"column":4},"end":{"line":154,"column":null}},"55":{"start":{"line":162,"column":4},"end":{"line":162,"column":null}},"56":{"start":{"line":165,"column":4},"end":{"line":167,"column":null}},"57":{"start":{"line":166,"column":6},"end":{"line":166,"column":null}},"58":{"start":{"line":169,"column":4},"end":{"line":187,"column":null}},"59":{"start":{"line":171,"column":6},"end":{"line":171,"column":null}},"60":{"start":{"line":172,"column":6},"end":{"line":172,"column":null}},"61":{"start":{"line":175,"column":21},"end":{"line":175,"column":null}},"62":{"start":{"line":176,"column":6},"end":{"line":176,"column":null}},"63":{"start":{"line":179,"column":6},"end":{"line":179,"column":null}},"64":{"start":{"line":180,"column":6},"end":{"line":180,"column":null}},"65":{"start":{"line":181,"column":6},"end":{"line":181,"column":null}},"66":{"start":{"line":183,"column":6},"end":{"line":183,"column":null}},"67":{"start":{"line":184,"column":6},"end":{"line":184,"column":null}},"68":{"start":{"line":185,"column":6},"end":{"line":185,"column":null}},"69":{"start":{"line":186,"column":6},"end":{"line":186,"column":null}},"70":{"start":{"line":195,"column":4},"end":{"line":195,"column":null}},"71":{"start":{"line":198,"column":4},"end":{"line":200,"column":null}},"72":{"start":{"line":199,"column":6},"end":{"line":199,"column":null}},"73":{"start":{"line":202,"column":4},"end":{"line":221,"column":null}},"74":{"start":{"line":204,"column":28},"end":{"line":204,"column":null}},"75":{"start":{"line":206,"column":6},"end":{"line":217,"column":null}},"76":{"start":{"line":207,"column":8},"end":{"line":210,"column":null}},"77":{"start":{"line":208,"column":10},"end":{"line":208,"column":null}},"78":{"start":{"line":209,"column":10},"end":{"line":209,"column":null}},"79":{"start":{"line":211,"column":8},"end":{"line":213,"column":null}},"80":{"start":{"line":212,"column":10},"end":{"line":212,"column":null}},"81":{"start":{"line":214,"column":8},"end":{"line":216,"column":null}},"82":{"start":{"line":215,"column":10},"end":{"line":215,"column":null}},"83":{"start":{"line":219,"column":6},"end":{"line":219,"column":null}},"84":{"start":{"line":220,"column":6},"end":{"line":220,"column":null}},"85":{"start":{"line":228,"column":4},"end":{"line":228,"column":null}}},"fnMap":{"0":{"name":"(anonymous_0)","decl":{"start":{"line":5,"column":7},"end":{"line":5,"column":13}},"loc":{"start":{"line":5,"column":7},"end":{"line":8,"column":null}},"line":5},"1":{"name":"(anonymous_1)","decl":{"start":{"line":14,"column":8},"end":{"line":14,"column":36}},"loc":{"start":{"line":14,"column":36},"end":{"line":26,"column":null}},"line":14},"2":{"name":"(anonymous_2)","decl":{"start":{"line":31,"column":2},"end":{"line":31,"column":27}},"loc":{"start":{"line":31,"column":27},"end":{"line":33,"column":null}},"line":31},"3":{"name":"(anonymous_3)","decl":{"start":{"line":39,"column":8},"end":{"line":39,"column":13}},"loc":{"start":{"line":39,"column":44},"end":{"line":54,"column":null}},"line":39},"4":{"name":"(anonymous_4)","decl":{"start":{"line":61,"column":8},"end":{"line":61,"column":16}},"loc":{"start":{"line":61,"column":67},"end":{"line":76,"column":null}},"line":61},"5":{"name":"(anonymous_5)","decl":{"start":{"line":81,"column":8},"end":{"line":81,"column":32}},"loc":{"start":{"line":81,"column":32},"end":{"line":93,"column":null}},"line":81},"6":{"name":"(anonymous_6)","decl":{"start":{"line":100,"column":8},"end":{"line":100,"column":15}},"loc":{"start":{"line":100,"column":42},"end":{"line":117,"column":null}},"line":100},"7":{"name":"(anonymous_7)","decl":{"start":{"line":122,"column":8},"end":{"line":122,"column":31}},"loc":{"start":{"line":122,"column":31},"end":{"line":133,"column":null}},"line":122},"8":{"name":"(anonymous_8)","decl":{"start":{"line":138,"column":2},"end":{"line":138,"column":20}},"loc":{"start":{"line":138,"column":20},"end":{"line":140,"column":null}},"line":138},"9":{"name":"(anonymous_9)","decl":{"start":{"line":145,"column":2},"end":{"line":145,"column":35}},"loc":{"start":{"line":145,"column":35},"end":{"line":147,"column":null}},"line":145},"10":{"name":"(anonymous_10)","decl":{"start":{"line":153,"column":8},"end":{"line":153,"column":40}},"loc":{"start":{"line":153,"column":40},"end":{"line":155,"column":null}},"line":153},"11":{"name":"(anonymous_11)","decl":{"start":{"line":161,"column":8},"end":{"line":161,"column":23}},"loc":{"start":{"line":161,"column":66},"end":{"line":188,"column":null}},"line":161},"12":{"name":"(anonymous_12)","decl":{"start":{"line":194,"column":8},"end":{"line":194,"column":23}},"loc":{"start":{"line":194,"column":54},"end":{"line":222,"column":null}},"line":194},"13":{"name":"(anonymous_13)","decl":{"start":{"line":206,"column":30},"end":{"line":206,"column":31}},"loc":{"start":{"line":206,"column":51},"end":{"line":217,"column":7}},"line":206},"14":{"name":"(anonymous_14)","decl":{"start":{"line":207,"column":34},"end":{"line":207,"column":40}},"loc":{"start":{"line":207,"column":40},"end":{"line":210,"column":null}},"line":207},"15":{"name":"(anonymous_15)","decl":{"start":{"line":211,"column":32},"end":{"line":211,"column":38}},"loc":{"start":{"line":211,"column":38},"end":{"line":213,"column":null}},"line":211},"16":{"name":"(anonymous_16)","decl":{"start":{"line":214,"column":34},"end":{"line":214,"column":40}},"loc":{"start":{"line":214,"column":40},"end":{"line":216,"column":null}},"line":214},"17":{"name":"(anonymous_17)","decl":{"start":{"line":227,"column":2},"end":{"line":227,"column":33}},"loc":{"start":{"line":227,"column":33},"end":{"line":229,"column":null}},"line":227}},"branchMap":{"0":{"loc":{"start":{"line":15,"column":4},"end":{"line":17,"column":null}},"type":"if","locations":[{"start":{"line":15,"column":4},"end":{"line":17,"column":null}},{"start":{},"end":{}}],"line":15},"1":{"loc":{"start":{"line":42,"column":4},"end":{"line":44,"column":null}},"type":"if","locations":[{"start":{"line":42,"column":4},"end":{"line":44,"column":null}},{"start":{},"end":{}}],"line":42},"2":{"loc":{"start":{"line":62,"column":4},"end":{"line":64,"column":null}},"type":"if","locations":[{"start":{"line":62,"column":4},"end":{"line":64,"column":null}},{"start":{},"end":{}}],"line":62},"3":{"loc":{"start":{"line":67,"column":6},"end":{"line":71,"column":null}},"type":"if","locations":[{"start":{"line":67,"column":6},"end":{"line":71,"column":null}},{"start":{"line":69,"column":13},"end":{"line":71,"column":null}}],"line":67},"4":{"loc":{"start":{"line":67,"column":10},"end":{"line":67,"column":39}},"type":"binary-expr","locations":[{"start":{"line":67,"column":10},"end":{"line":67,"column":20}},{"start":{"line":67,"column":20},"end":{"line":67,"column":39}}],"line":67},"5":{"loc":{"start":{"line":82,"column":4},"end":{"line":84,"column":null}},"type":"if","locations":[{"start":{"line":82,"column":4},"end":{"line":84,"column":null}},{"start":{},"end":{}}],"line":82},"6":{"loc":{"start":{"line":101,"column":4},"end":{"line":103,"column":null}},"type":"if","locations":[{"start":{"line":101,"column":4},"end":{"line":103,"column":null}},{"start":{},"end":{}}],"line":101},"7":{"loc":{"start":{"line":101,"column":8},"end":{"line":101,"column":34}},"type":"binary-expr","locations":[{"start":{"line":101,"column":8},"end":{"line":101,"column":20}},{"start":{"line":101,"column":20},"end":{"line":101,"column":34}}],"line":101},"8":{"loc":{"start":{"line":123,"column":4},"end":{"line":132,"column":null}},"type":"if","locations":[{"start":{"line":123,"column":4},"end":{"line":132,"column":null}},{"start":{},"end":{}}],"line":123},"9":{"loc":{"start":{"line":165,"column":4},"end":{"line":167,"column":null}},"type":"if","locations":[{"start":{"line":165,"column":4},"end":{"line":167,"column":null}},{"start":{},"end":{}}],"line":165},"10":{"loc":{"start":{"line":198,"column":4},"end":{"line":200,"column":null}},"type":"if","locations":[{"start":{"line":198,"column":4},"end":{"line":200,"column":null}},{"start":{},"end":{}}],"line":198},"11":{"loc":{"start":{"line":198,"column":8},"end":{"line":198,"column":43}},"type":"binary-expr","locations":[{"start":{"line":198,"column":8},"end":{"line":198,"column":34}},{"start":{"line":198,"column":34},"end":{"line":198,"column":43}}],"line":198}},"s":{"0":8,"1":8,"2":8,"3":1,"4":0,"5":1,"6":1,"7":0,"8":1,"9":1,"10":1,"11":0,"12":0,"13":0,"14":0,"15":0,"16":0,"17":0,"18":0,"19":0,"20":1,"21":1,"22":0,"23":0,"24":0,"25":0,"26":0,"27":0,"28":2,"29":2,"30":0,"31":0,"32":0,"33":0,"34":0,"35":0,"36":0,"37":0,"38":0,"39":0,"40":0,"41":0,"42":0,"43":0,"44":0,"45":0,"46":0,"47":0,"48":0,"49":0,"50":0,"51":0,"52":1,"53":1,"54":1,"55":1,"56":0,"57":0,"58":0,"59":0,"60":0,"61":0,"62":0,"63":0,"64":0,"65":0,"66":0,"67":0,"68":0,"69":0,"70":0,"71":0,"72":0,"73":0,"74":0,"75":0,"76":0,"77":0,"78":0,"79":0,"80":0,"81":0,"82":0,"83":0,"84":0,"85":1},"f":{"0":8,"1":1,"2":1,"3":0,"4":1,"5":2,"6":0,"7":0,"8":1,"9":1,"10":1,"11":1,"12":0,"13":0,"14":0,"15":0,"16":0,"17":1},"b":{"0":[0,1],"1":[0,0],"2":[1,0],"3":[0,0],"4":[0,0],"5":[2,0],"6":[0,0],"7":[0,0],"8":[0,0],"9":[0,0],"10":[0,0],"11":[0,0]},"meta":{"lastBranch":12,"lastFunction":18,"lastStatement":86,"seen":{"f:5:7:5:13":0,"s:6:2:6:Infinity":0,"s:7:2:7:Infinity":1,"s:8:2:8:Infinity":2,"f:14:8:14:36":1,"b:15:4:17:Infinity:undefined:undefined:undefined:undefined":0,"s:15:4:17:Infinity":3,"s:16:6:16:Infinity":4,"s:19:4:25:Infinity":5,"s:20:6:20:Infinity":6,"s:21:6:21:Infinity":7,"s:23:6:23:Infinity":8,"s:24:6:24:Infinity":9,"f:31:2:31:27":2,"s:32:4:32:Infinity":10,"f:39:8:39:13":3,"s:40:4:40:Infinity":11,"b:42:4:44:Infinity:undefined:undefined:undefined:undefined":1,"s:42:4:44:Infinity":12,"s:43:6:43:Infinity":13,"s:46:4:53:Infinity":14,"s:47:6:47:Infinity":15,"s:48:6:48:Infinity":16,"s:49:6:49:Infinity":17,"s:51:6:51:Infinity":18,"s:52:6:52:Infinity":19,"f:61:8:61:16":4,"b:62:4:64:Infinity:undefined:undefined:undefined:undefined":2,"s:62:4:64:Infinity":20,"s:63:6:63:Infinity":21,"s:66:4:75:Infinity":22,"b:67:6:71:Infinity:69:13:71:Infinity":3,"s:67:6:71:Infinity":23,"b:67:10:67:20:67:20:67:39":4,"s:68:8:68:Infinity":24,"s:70:8:70:Infinity":25,"s:73:6:73:Infinity":26,"s:74:6:74:Infinity":27,"f:81:8:81:32":5,"b:82:4:84:Infinity:undefined:undefined:undefined:undefined":5,"s:82:4:84:Infinity":28,"s:83:6:83:Infinity":29,"s:86:4:92:Infinity":30,"s:87:21:87:Infinity":31,"s:88:6:88:Infinity":32,"s:90:6:90:Infinity":33,"s:91:6:91:Infinity":34,"f:100:8:100:15":6,"b:101:4:103:Infinity:undefined:undefined:undefined:undefined":6,"s:101:4:103:Infinity":35,"b:101:8:101:20:101:20:101:34":7,"s:102:6:102:Infinity":36,"s:105:4:116:Infinity":37,"s:106:21:106:Infinity":38,"s:107:6:107:Infinity":39,"s:110:6:110:Infinity":40,"s:111:6:111:Infinity":41,"s:112:6:112:Infinity":42,"s:114:6:114:Infinity":43,"s:115:6:115:Infinity":44,"f:122:8:122:31":7,"b:123:4:132:Infinity:undefined:undefined:undefined:undefined":8,"s:123:4:132:Infinity":45,"s:124:6:131:Infinity":46,"s:125:8:125:Infinity":47,"s:126:8:126:Infinity":48,"s:127:8:127:Infinity":49,"s:129:8:129:Infinity":50,"s:130:8:130:Infinity":51,"f:138:2:138:20":8,"s:139:4:139:Infinity":52,"f:145:2:145:35":9,"s:146:4:146:Infinity":53,"f:153:8:153:40":10,"s:154:4:154:Infinity":54,"f:161:8:161:23":11,"s:162:4:162:Infinity":55,"b:165:4:167:Infinity:undefined:undefined:undefined:undefined":9,"s:165:4:167:Infinity":56,"s:166:6:166:Infinity":57,"s:169:4:187:Infinity":58,"s:171:6:171:Infinity":59,"s:172:6:172:Infinity":60,"s:175:21:175:Infinity":61,"s:176:6:176:Infinity":62,"s:179:6:179:Infinity":63,"s:180:6:180:Infinity":64,"s:181:6:181:Infinity":65,"s:183:6:183:Infinity":66,"s:184:6:184:Infinity":67,"s:185:6:185:Infinity":68,"s:186:6:186:Infinity":69,"f:194:8:194:23":12,"s:195:4:195:Infinity":70,"b:198:4:200:Infinity:undefined:undefined:undefined:undefined":10,"s:198:4:200:Infinity":71,"b:198:8:198:34:198:34:198:43":11,"s:199:6:199:Infinity":72,"s:202:4:221:Infinity":73,"s:204:28:204:Infinity":74,"s:206:6:217:Infinity":75,"f:206:30:206:31":13,"s:207:8:210:Infinity":76,"f:207:34:207:40":14,"s:208:10:208:Infinity":77,"s:209:10:209:Infinity":78,"s:211:8:213:Infinity":79,"f:211:32:211:38":15,"s:212:10:212:Infinity":80,"s:214:8:216:Infinity":81,"f:214:34:214:40":16,"s:215:10:215:Infinity":82,"s:219:6:219:Infinity":83,"s:220:6:220:Infinity":84,"f:227:2:227:33":17,"s:228:4:228:Infinity":85}}}
,"/Users/nicholas.piesco/Downloads/absurder-sql/pwa/lib/editor/sql-autocomplete.ts": {"path":"/Users/nicholas.piesco/Downloads/absurder-sql/pwa/lib/editor/sql-autocomplete.ts","statementMap":{"0":{"start":{"line":4,"column":21},"end":{"line":15,"column":null}},"1":{"start":{"line":18,"column":22},"end":{"line":23,"column":null}},"2":{"start":{"line":34,"column":2},"end":{"line":138,"column":null}},"3":{"start":{"line":35,"column":17},"end":{"line":35,"column":null}},"4":{"start":{"line":36,"column":4},"end":{"line":36,"column":null}},"5":{"start":{"line":36,"column":15},"end":{"line":36,"column":null}},"6":{"start":{"line":39,"column":4},"end":{"line":41,"column":null}},"7":{"start":{"line":40,"column":6},"end":{"line":40,"column":null}},"8":{"start":{"line":43,"column":17},"end":{"line":43,"column":null}},"9":{"start":{"line":44,"column":23},"end":{"line":44,"column":null}},"10":{"start":{"line":45,"column":28},"end":{"line":45,"column":null}},"11":{"start":{"line":49,"column":4},"end":{"line":54,"column":null}},"12":{"start":{"line":50,"column":6},"end":{"line":50,"column":null}},"13":{"start":{"line":52,"column":6},"end":{"line":52,"column":null}},"14":{"start":{"line":53,"column":6},"end":{"line":53,"column":null}},"15":{"start":{"line":56,"column":34},"end":{"line":56,"column":null}},"16":{"start":{"line":59,"column":24},"end":{"line":59,"column":null}},"17":{"start":{"line":60,"column":26},"end":{"line":60,"column":null}},"18":{"start":{"line":61,"column":25},"end":{"line":61,"column":null}},"19":{"start":{"line":62,"column":30},"end":{"line":62,"column":null}},"20":{"start":{"line":63,"column":26},"end":{"line":63,"column":null}},"21":{"start":{"line":66,"column":4},"end":{"line":75,"column":null}},"22":{"start":{"line":67,"column":6},"end":{"line":74,"column":null}},"23":{"start":{"line":68,"column":8},"end":{"line":73,"column":null}},"24":{"start":{"line":78,"column":4},"end":{"line":93,"column":null}},"25":{"start":{"line":80,"column":25},"end":{"line":80,"column":null}},"26":{"start":{"line":81,"column":6},"end":{"line":83,"column":null}},"27":{"start":{"line":82,"column":8},"end":{"line":82,"column":null}},"28":{"start":{"line":82,"column":28},"end":{"line":82,"column":47}},"29":{"start":{"line":85,"column":6},"end":{"line":92,"column":null}},"30":{"start":{"line":86,"column":8},"end":{"line":91,"column":null}},"31":{"start":{"line":96,"column":25},"end":{"line":96,"column":null}},"32":{"start":{"line":97,"column":4},"end":{"line":103,"column":null}},"33":{"start":{"line":98,"column":6},"end":{"line":102,"column":null}},"34":{"start":{"line":106,"column":4},"end":{"line":114,"column":null}},"35":{"start":{"line":107,"column":6},"end":{"line":113,"column":null}},"36":{"start":{"line":117,"column":18},"end":{"line":117,"column":null}},"37":{"start":{"line":118,"column":21},"end":{"line":120,"column":null}},"38":{"start":{"line":119,"column":6},"end":{"line":119,"column":null}},"39":{"start":{"line":122,"column":4},"end":{"line":124,"column":null}},"40":{"start":{"line":123,"column":6},"end":{"line":123,"column":null}},"41":{"start":{"line":127,"column":4},"end":{"line":131,"column":null}},"42":{"start":{"line":128,"column":12},"end":{"line":128,"column":null}},"43":{"start":{"line":129,"column":6},"end":{"line":129,"column":null}},"44":{"start":{"line":129,"column":27},"end":{"line":129,"column":null}},"45":{"start":{"line":130,"column":6},"end":{"line":130,"column":null}},"46":{"start":{"line":133,"column":4},"end":{"line":137,"column":null}},"47":{"start":{"line":145,"column":29},"end":{"line":145,"column":null}},"48":{"start":{"line":147,"column":2},"end":{"line":179,"column":null}},"49":{"start":{"line":149,"column":25},"end":{"line":151,"column":null}},"50":{"start":{"line":153,"column":4},"end":{"line":176,"column":null}},"51":{"start":{"line":154,"column":6},"end":{"line":160,"column":null}},"52":{"start":{"line":156,"column":8},"end":{"line":158,"column":null}},"53":{"start":{"line":157,"column":10},"end":{"line":157,"column":null}},"54":{"start":{"line":159,"column":8},"end":{"line":159,"column":null}},"55":{"start":{"line":163,"column":6},"end":{"line":175,"column":null}},"56":{"start":{"line":164,"column":30},"end":{"line":164,"column":null}},"57":{"start":{"line":166,"column":8},"end":{"line":174,"column":null}},"58":{"start":{"line":167,"column":10},"end":{"line":173,"column":null}},"59":{"start":{"line":169,"column":12},"end":{"line":171,"column":null}},"60":{"start":{"line":170,"column":14},"end":{"line":170,"column":null}},"61":{"start":{"line":172,"column":12},"end":{"line":172,"column":null}},"62":{"start":{"line":178,"column":4},"end":{"line":178,"column":null}},"63":{"start":{"line":181,"column":2},"end":{"line":181,"column":null}}},"fnMap":{"0":{"name":"createSQLAutocomplete","decl":{"start":{"line":33,"column":16},"end":{"line":33,"column":38}},"loc":{"start":{"line":33,"column":76},"end":{"line":139,"column":null}},"line":33},"1":{"name":"sqlAutocomplete","decl":{"start":{"line":34,"column":24},"end":{"line":34,"column":40}},"loc":{"start":{"line":34,"column":102},"end":{"line":138,"column":null}},"line":34},"2":{"name":"(anonymous_2)","decl":{"start":{"line":67,"column":28},"end":{"line":67,"column":37}},"loc":{"start":{"line":67,"column":37},"end":{"line":74,"column":7}},"line":67},"3":{"name":"(anonymous_3)","decl":{"start":{"line":81,"column":44},"end":{"line":81,"column":52}},"loc":{"start":{"line":81,"column":52},"end":{"line":83,"column":7}},"line":81},"4":{"name":"(anonymous_4)","decl":{"start":{"line":82,"column":21},"end":{"line":82,"column":28}},"loc":{"start":{"line":82,"column":28},"end":{"line":82,"column":47}},"line":82},"5":{"name":"(anonymous_5)","decl":{"start":{"line":85,"column":25},"end":{"line":85,"column":35}},"loc":{"start":{"line":85,"column":35},"end":{"line":92,"column":7}},"line":85},"6":{"name":"(anonymous_6)","decl":{"start":{"line":97,"column":25},"end":{"line":97,"column":36}},"loc":{"start":{"line":97,"column":36},"end":{"line":103,"column":5}},"line":97},"7":{"name":"(anonymous_7)","decl":{"start":{"line":106,"column":26},"end":{"line":106,"column":34}},"loc":{"start":{"line":106,"column":34},"end":{"line":114,"column":5}},"line":106},"8":{"name":"(anonymous_8)","decl":{"start":{"line":118,"column":36},"end":{"line":118,"column":null}},"loc":{"start":{"line":119,"column":6},"end":{"line":119,"column":null}},"line":119},"9":{"name":"(anonymous_9)","decl":{"start":{"line":127,"column":18},"end":{"line":127,"column":19}},"loc":{"start":{"line":127,"column":28},"end":{"line":131,"column":5}},"line":127},"10":{"name":"getSchemaInfo","decl":{"start":{"line":144,"column":22},"end":{"line":144,"column":36}},"loc":{"start":{"line":144,"column":102},"end":{"line":182,"column":null}},"line":144},"11":{"name":"(anonymous_11)","decl":{"start":{"line":154,"column":44},"end":{"line":154,"column":45}},"loc":{"start":{"line":154,"column":58},"end":{"line":160,"column":7}},"line":154},"12":{"name":"(anonymous_12)","decl":{"start":{"line":167,"column":57},"end":{"line":167,"column":58}},"loc":{"start":{"line":167,"column":71},"end":{"line":173,"column":11}},"line":167}},"branchMap":{"0":{"loc":{"start":{"line":36,"column":4},"end":{"line":36,"column":null}},"type":"if","locations":[{"start":{"line":36,"column":4},"end":{"line":36,"column":null}},{"start":{},"end":{}}],"line":36},"1":{"loc":{"start":{"line":39,"column":4},"end":{"line":41,"column":null}},"type":"if","locations":[{"start":{"line":39,"column":4},"end":{"line":41,"column":null}},{"start":{},"end":{}}],"line":39},"2":{"loc":{"start":{"line":39,"column":8},"end":{"line":39,"column":52}},"type":"binary-expr","locations":[{"start":{"line":39,"column":8},"end":{"line":39,"column":33}},{"start":{"line":39,"column":33},"end":{"line":39,"column":52}}],"line":39},"3":{"loc":{"start":{"line":66,"column":4},"end":{"line":75,"column":null}},"type":"if","locations":[{"start":{"line":66,"column":4},"end":{"line":75,"column":null}},{"start":{},"end":{}}],"line":66},"4":{"loc":{"start":{"line":66,"column":8},"end":{"line":66,"column":59}},"type":"binary-expr","locations":[{"start":{"line":66,"column":8},"end":{"line":66,"column":23}},{"start":{"line":66,"column":23},"end":{"line":66,"column":44}},{"start":{"line":66,"column":44},"end":{"line":66,"column":59}}],"line":66},"5":{"loc":{"start":{"line":78,"column":4},"end":{"line":93,"column":null}},"type":"if","locations":[{"start":{"line":78,"column":4},"end":{"line":93,"column":null}},{"start":{},"end":{}}],"line":78},"6":{"loc":{"start":{"line":78,"column":8},"end":{"line":78,"column":55}},"type":"binary-expr","locations":[{"start":{"line":78,"column":8},"end":{"line":78,"column":25}},{"start":{"line":78,"column":25},"end":{"line":78,"column":41}},{"start":{"line":78,"column":41},"end":{"line":78,"column":55}}],"line":78},"7":{"loc":{"start":{"line":90,"column":17},"end":{"line":90,"column":null}},"type":"cond-expr","locations":[{"start":{"line":90,"column":49},"end":{"line":90,"column":54}},{"start":{"line":90,"column":54},"end":{"line":90,"column":null}}],"line":90},"8":{"loc":{"start":{"line":90,"column":17},"end":{"line":90,"column":49}},"type":"binary-expr","locations":[{"start":{"line":90,"column":17},"end":{"line":90,"column":34}},{"start":{"line":90,"column":34},"end":{"line":90,"column":49}}],"line":90},"9":{"loc":{"start":{"line":96,"column":25},"end":{"line":96,"column":null}},"type":"cond-expr","locations":[{"start":{"line":96,"column":56},"end":{"line":96,"column":61}},{"start":{"line":96,"column":61},"end":{"line":96,"column":null}}],"line":96},"10":{"loc":{"start":{"line":96,"column":25},"end":{"line":96,"column":56}},"type":"binary-expr","locations":[{"start":{"line":96,"column":25},"end":{"line":96,"column":40}},{"start":{"line":96,"column":40},"end":{"line":96,"column":56}}],"line":96},"11":{"loc":{"start":{"line":122,"column":4},"end":{"line":124,"column":null}},"type":"if","locations":[{"start":{"line":122,"column":4},"end":{"line":124,"column":null}},{"start":{},"end":{}}],"line":122},"12":{"loc":{"start":{"line":128,"column":25},"end":{"line":128,"column":42}},"type":"binary-expr","locations":[{"start":{"line":128,"column":25},"end":{"line":128,"column":36}},{"start":{"line":128,"column":36},"end":{"line":128,"column":42}}],"line":128},"13":{"loc":{"start":{"line":128,"column":42},"end":{"line":128,"column":null}},"type":"binary-expr","locations":[{"start":{"line":128,"column":42},"end":{"line":128,"column":53}},{"start":{"line":128,"column":53},"end":{"line":128,"column":null}}],"line":128},"14":{"loc":{"start":{"line":129,"column":6},"end":{"line":129,"column":null}},"type":"if","locations":[{"start":{"line":129,"column":6},"end":{"line":129,"column":null}},{"start":{},"end":{}}],"line":129},"15":{"loc":{"start":{"line":153,"column":4},"end":{"line":176,"column":null}},"type":"if","locations":[{"start":{"line":153,"column":4},"end":{"line":176,"column":null}},{"start":{},"end":{}}],"line":153},"16":{"loc":{"start":{"line":153,"column":8},"end":{"line":153,"column":43}},"type":"binary-expr","locations":[{"start":{"line":153,"column":8},"end":{"line":153,"column":24}},{"start":{"line":153,"column":24},"end":{"line":153,"column":43}}],"line":153},"17":{"loc":{"start":{"line":156,"column":8},"end":{"line":158,"column":null}},"type":"if","locations":[{"start":{"line":156,"column":8},"end":{"line":158,"column":null}},{"start":{},"end":{}}],"line":156},"18":{"loc":{"start":{"line":156,"column":12},"end":{"line":156,"column":77}},"type":"binary-expr","locations":[{"start":{"line":156,"column":12},"end":{"line":156,"column":41}},{"start":{"line":156,"column":41},"end":{"line":156,"column":77}}],"line":156},"19":{"loc":{"start":{"line":166,"column":8},"end":{"line":174,"column":null}},"type":"if","locations":[{"start":{"line":166,"column":8},"end":{"line":174,"column":null}},{"start":{},"end":{}}],"line":166},"20":{"loc":{"start":{"line":166,"column":12},"end":{"line":166,"column":49}},"type":"binary-expr","locations":[{"start":{"line":166,"column":12},"end":{"line":166,"column":29}},{"start":{"line":166,"column":29},"end":{"line":166,"column":49}}],"line":166},"21":{"loc":{"start":{"line":169,"column":12},"end":{"line":171,"column":null}},"type":"if","locations":[{"start":{"line":169,"column":12},"end":{"line":171,"column":null}},{"start":{},"end":{}}],"line":169},"22":{"loc":{"start":{"line":169,"column":16},"end":{"line":169,"column":81}},"type":"binary-expr","locations":[{"start":{"line":169,"column":16},"end":{"line":169,"column":45}},{"start":{"line":169,"column":45},"end":{"line":169,"column":81}}],"line":169}},"s":{"0":1,"1":1,"2":7,"3":7,"4":7,"5":0,"6":7,"7":0,"8":7,"9":7,"10":7,"11":7,"12":7,"13":0,"14":0,"15":7,"16":7,"17":7,"18":7,"19":7,"20":7,"21":7,"22":2,"23":3,"24":7,"25":5,"26":5,"27":1,"28":3,"29":5,"30":3,"31":7,"32":7,"33":546,"34":7,"35":217,"36":7,"37":7,"38":769,"39":7,"40":1,"41":6,"42":605,"43":605,"44":69,"45":536,"46":6,"47":4,"48":4,"49":4,"50":3,"51":3,"52":4,"53":2,"54":2,"55":3,"56":4,"57":4,"58":4,"59":12,"60":6,"61":6,"62":1,"63":4},"f":{"0":7,"1":7,"2":3,"3":1,"4":3,"5":3,"6":546,"7":217,"8":769,"9":605,"10":4,"11":4,"12":12},"b":{"0":[0,7],"1":[0,7],"2":[7,1],"3":[2,5],"4":[7,5,5],"5":[5,2],"6":[7,6,6],"7":[3,0],"8":[3,0],"9":[3,4],"10":[7,5],"11":[1,6],"12":[605,0],"13":[605,0],"14":[69,536],"15":[3,0],"16":[3,3],"17":[2,2],"18":[4,2],"19":[4,0],"20":[4,4],"21":[6,6],"22":[12,6]},"meta":{"lastBranch":23,"lastFunction":13,"lastStatement":64,"seen":{"s:4:21:15:Infinity":0,"s:18:22:23:Infinity":1,"f:33:16:33:38":0,"s:34:2:138:Infinity":2,"f:34:24:34:40":1,"s:35:17:35:Infinity":3,"b:36:4:36:Infinity:undefined:undefined:undefined:undefined":0,"s:36:4:36:Infinity":4,"s:36:15:36:Infinity":5,"b:39:4:41:Infinity:undefined:undefined:undefined:undefined":1,"s:39:4:41:Infinity":6,"b:39:8:39:33:39:33:39:52":2,"s:40:6:40:Infinity":7,"s:43:17:43:Infinity":8,"s:44:23:44:Infinity":9,"s:45:28:45:Infinity":10,"s:49:4:54:Infinity":11,"s:50:6:50:Infinity":12,"s:52:6:52:Infinity":13,"s:53:6:53:Infinity":14,"s:56:34:56:Infinity":15,"s:59:24:59:Infinity":16,"s:60:26:60:Infinity":17,"s:61:25:61:Infinity":18,"s:62:30:62:Infinity":19,"s:63:26:63:Infinity":20,"b:66:4:75:Infinity:undefined:undefined:undefined:undefined":3,"s:66:4:75:Infinity":21,"b:66:8:66:23:66:23:66:44:66:44:66:59":4,"s:67:6:74:Infinity":22,"f:67:28:67:37":2,"s:68:8:73:Infinity":23,"b:78:4:93:Infinity:undefined:undefined:undefined:undefined":5,"s:78:4:93:Infinity":24,"b:78:8:78:25:78:25:78:41:78:41:78:55":6,"s:80:25:80:Infinity":25,"s:81:6:83:Infinity":26,"f:81:44:81:52":3,"s:82:8:82:Infinity":27,"f:82:21:82:28":4,"s:82:28:82:47":28,"s:85:6:92:Infinity":29,"f:85:25:85:35":5,"s:86:8:91:Infinity":30,"b:90:49:90:54:90:54:90:Infinity":7,"b:90:17:90:34:90:34:90:49":8,"s:96:25:96:Infinity":31,"b:96:56:96:61:96:61:96:Infinity":9,"b:96:25:96:40:96:40:96:56":10,"s:97:4:103:Infinity":32,"f:97:25:97:36":6,"s:98:6:102:Infinity":33,"s:106:4:114:Infinity":34,"f:106:26:106:34":7,"s:107:6:113:Infinity":35,"s:117:18:117:Infinity":36,"s:118:21:120:Infinity":37,"f:118:36:118:Infinity":8,"s:119:6:119:Infinity":38,"b:122:4:124:Infinity:undefined:undefined:undefined:undefined":11,"s:122:4:124:Infinity":39,"s:123:6:123:Infinity":40,"s:127:4:131:Infinity":41,"f:127:18:127:19":9,"s:128:12:128:Infinity":42,"b:128:25:128:36:128:36:128:42":12,"b:128:42:128:53:128:53:128:Infinity":13,"b:129:6:129:Infinity:undefined:undefined:undefined:undefined":14,"s:129:6:129:Infinity":43,"s:129:27:129:Infinity":44,"s:130:6:130:Infinity":45,"s:133:4:137:Infinity":46,"f:144:22:144:36":10,"s:145:29:145:Infinity":47,"s:147:2:179:Infinity":48,"s:149:25:151:Infinity":49,"b:153:4:176:Infinity:undefined:undefined:undefined:undefined":15,"s:153:4:176:Infinity":50,"b:153:8:153:24:153:24:153:43":16,"s:154:6:160:Infinity":51,"f:154:44:154:45":11,"b:156:8:158:Infinity:undefined:undefined:undefined:undefined":17,"s:156:8:158:Infinity":52,"b:156:12:156:41:156:41:156:77":18,"s:157:10:157:Infinity":53,"s:159:8:159:Infinity":54,"s:163:6:175:Infinity":55,"s:164:30:164:Infinity":56,"b:166:8:174:Infinity:undefined:undefined:undefined:undefined":19,"s:166:8:174:Infinity":57,"b:166:12:166:29:166:29:166:49":20,"s:167:10:173:Infinity":58,"f:167:57:167:58":12,"b:169:12:171:Infinity:undefined:undefined:undefined:undefined":21,"s:169:12:171:Infinity":59,"b:169:16:169:45:169:45:169:81":22,"s:170:14:170:Infinity":60,"s:172:12:172:Infinity":61,"s:178:4:178:Infinity":62,"s:181:2:181:Infinity":63}}}
}
